{"/Volumes/Extreme SSD - Datos/dwes2025/gatinos_web/app.js": {"path":"/Volumes/Extreme SSD - Datos/dwes2025/gatinos_web/app.js","statementMap":{"0":{"start":{"line":15,"column":0},"end":{"line":15,"column":27}},"1":{"start":{"line":17,"column":23},"end":{"line":17,"column":41}},"2":{"start":{"line":18,"column":23},"end":{"line":18,"column":52}},"3":{"start":{"line":19,"column":23},"end":{"line":19,"column":40}},"4":{"start":{"line":20,"column":23},"end":{"line":20,"column":40}},"5":{"start":{"line":21,"column":23},"end":{"line":21,"column":38}},"6":{"start":{"line":22,"column":23},"end":{"line":22,"column":49}},"7":{"start":{"line":24,"column":23},"end":{"line":24,"column":54}},"8":{"start":{"line":25,"column":23},"end":{"line":25,"column":57}},"9":{"start":{"line":26,"column":23},"end":{"line":26,"column":54}},"10":{"start":{"line":28,"column":12},"end":{"line":28,"column":21}},"11":{"start":{"line":34,"column":13},"end":{"line":34,"column":37}},"12":{"start":{"line":36,"column":0},"end":{"line":36,"column":18}},"13":{"start":{"line":37,"column":0},"end":{"line":37,"column":23}},"14":{"start":{"line":38,"column":0},"end":{"line":38,"column":48}},"15":{"start":{"line":39,"column":0},"end":{"line":39,"column":24}},"16":{"start":{"line":40,"column":0},"end":{"line":40,"column":35}},"17":{"start":{"line":41,"column":0},"end":{"line":41,"column":56}},"18":{"start":{"line":43,"column":0},"end":{"line":51,"column":4}},"19":{"start":{"line":49,"column":18},"end":{"line":49,"column":25}},"20":{"start":{"line":52,"column":0},"end":{"line":52,"column":37}},"21":{"start":{"line":53,"column":0},"end":{"line":53,"column":48}},"22":{"start":{"line":55,"column":0},"end":{"line":55,"column":26}},"23":{"start":{"line":56,"column":0},"end":{"line":56,"column":37}},"24":{"start":{"line":57,"column":0},"end":{"line":57,"column":31}},"25":{"start":{"line":59,"column":0},"end":{"line":61,"column":3}},"26":{"start":{"line":60,"column":2},"end":{"line":60,"column":58}},"27":{"start":{"line":63,"column":0},"end":{"line":66,"column":3}},"28":{"start":{"line":64,"column":2},"end":{"line":64,"column":27}},"29":{"start":{"line":65,"column":2},"end":{"line":65,"column":50}},"30":{"start":{"line":72,"column":0},"end":{"line":72,"column":21}},"31":{"start":{"line":77,"column":0},"end":{"line":81,"column":1}},"32":{"start":{"line":78,"column":2},"end":{"line":80,"column":5}},"33":{"start":{"line":79,"column":4},"end":{"line":79,"column":67}}},"fnMap":{"0":{"name":"(anonymous_0)","decl":{"start":{"line":49,"column":8},"end":{"line":49,"column":9}},"loc":{"start":{"line":49,"column":18},"end":{"line":49,"column":25}},"line":49},"1":{"name":"(anonymous_1)","decl":{"start":{"line":59,"column":8},"end":{"line":59,"column":9}},"loc":{"start":{"line":59,"column":22},"end":{"line":61,"column":1}},"line":59},"2":{"name":"(anonymous_2)","decl":{"start":{"line":63,"column":8},"end":{"line":63,"column":9}},"loc":{"start":{"line":63,"column":33},"end":{"line":66,"column":1}},"line":63},"3":{"name":"(anonymous_3)","decl":{"start":{"line":78,"column":19},"end":{"line":78,"column":20}},"loc":{"start":{"line":78,"column":25},"end":{"line":80,"column":3}},"line":78}},"branchMap":{"0":{"loc":{"start":{"line":34,"column":13},"end":{"line":34,"column":37}},"type":"binary-expr","locations":[{"start":{"line":34,"column":13},"end":{"line":34,"column":29}},{"start":{"line":34,"column":33},"end":{"line":34,"column":37}}],"line":34},"1":{"loc":{"start":{"line":77,"column":0},"end":{"line":81,"column":1}},"type":"if","locations":[{"start":{"line":77,"column":0},"end":{"line":81,"column":1}},{"start":{},"end":{}}],"line":77}},"s":{"0":1,"1":1,"2":1,"3":1,"4":1,"5":1,"6":1,"7":1,"8":1,"9":1,"10":1,"11":1,"12":1,"13":1,"14":1,"15":1,"16":1,"17":1,"18":1,"19":5,"20":1,"21":1,"22":1,"23":1,"24":1,"25":1,"26":0,"27":1,"28":0,"29":0,"30":1,"31":1,"32":0,"33":0},"f":{"0":5,"1":0,"2":0,"3":0},"b":{"0":[1,1],"1":[0,1]},"_coverageSchema":"1a1c01bbd47fc00a2c39e90264f33305004495a9","hash":"cc9754e24e813e39f31b4103702ed3ac4f019b13"}
,"/Volumes/Extreme SSD - Datos/dwes2025/gatinos_web/controllers/coloniaController.js": {"path":"/Volumes/Extreme SSD - Datos/dwes2025/gatinos_web/controllers/coloniaController.js","statementMap":{"0":{"start":{"line":12,"column":4},"end":{"line":12,"column":41}},"1":{"start":{"line":24,"column":2},"end":{"line":32,"column":3}},"2":{"start":{"line":25,"column":21},"end":{"line":25,"column":43}},"3":{"start":{"line":26,"column":4},"end":{"line":29,"column":7}},"4":{"start":{"line":31,"column":4},"end":{"line":31,"column":14}},"5":{"start":{"line":44,"column":2},"end":{"line":46,"column":5}},"6":{"start":{"line":59,"column":2},"end":{"line":65,"column":3}},"7":{"start":{"line":60,"column":18},"end":{"line":60,"column":26}},"8":{"start":{"line":61,"column":4},"end":{"line":61,"column":52}},"9":{"start":{"line":62,"column":4},"end":{"line":62,"column":30}},"10":{"start":{"line":64,"column":4},"end":{"line":64,"column":14}},"11":{"start":{"line":78,"column":2},"end":{"line":87,"column":3}},"12":{"start":{"line":79,"column":19},"end":{"line":79,"column":29}},"13":{"start":{"line":80,"column":20},"end":{"line":80,"column":44}},"14":{"start":{"line":81,"column":4},"end":{"line":84,"column":7}},"15":{"start":{"line":86,"column":4},"end":{"line":86,"column":14}},"16":{"start":{"line":100,"column":2},"end":{"line":109,"column":3}},"17":{"start":{"line":101,"column":19},"end":{"line":101,"column":29}},"18":{"start":{"line":102,"column":20},"end":{"line":102,"column":44}},"19":{"start":{"line":103,"column":4},"end":{"line":106,"column":7}},"20":{"start":{"line":108,"column":4},"end":{"line":108,"column":14}},"21":{"start":{"line":122,"column":2},"end":{"line":129,"column":3}},"22":{"start":{"line":123,"column":19},"end":{"line":123,"column":29}},"23":{"start":{"line":124,"column":18},"end":{"line":124,"column":26}},"24":{"start":{"line":125,"column":4},"end":{"line":125,"column":61}},"25":{"start":{"line":126,"column":4},"end":{"line":126,"column":30}},"26":{"start":{"line":128,"column":4},"end":{"line":128,"column":14}},"27":{"start":{"line":142,"column":2},"end":{"line":148,"column":3}},"28":{"start":{"line":143,"column":19},"end":{"line":143,"column":29}},"29":{"start":{"line":144,"column":4},"end":{"line":144,"column":33}},"30":{"start":{"line":145,"column":4},"end":{"line":145,"column":30}},"31":{"start":{"line":147,"column":4},"end":{"line":147,"column":14}},"32":{"start":{"line":151,"column":0},"end":{"line":159,"column":2}}},"fnMap":{"0":{"name":"listarTodasColonias","decl":{"start":{"line":23,"column":15},"end":{"line":23,"column":34}},"loc":{"start":{"line":23,"column":51},"end":{"line":33,"column":1}},"line":23},"1":{"name":"mostrarFormularioCrear","decl":{"start":{"line":43,"column":9},"end":{"line":43,"column":31}},"loc":{"start":{"line":43,"column":42},"end":{"line":47,"column":1}},"line":43},"2":{"name":"crearNuevaColonia","decl":{"start":{"line":58,"column":15},"end":{"line":58,"column":32}},"loc":{"start":{"line":58,"column":49},"end":{"line":66,"column":1}},"line":58},"3":{"name":"mostrarDetalleColonia","decl":{"start":{"line":77,"column":15},"end":{"line":77,"column":36}},"loc":{"start":{"line":77,"column":53},"end":{"line":88,"column":1}},"line":77},"4":{"name":"mostrarFormularioEditar","decl":{"start":{"line":99,"column":15},"end":{"line":99,"column":38}},"loc":{"start":{"line":99,"column":55},"end":{"line":110,"column":1}},"line":99},"5":{"name":"actualizarColonia","decl":{"start":{"line":121,"column":15},"end":{"line":121,"column":32}},"loc":{"start":{"line":121,"column":49},"end":{"line":130,"column":1}},"line":121},"6":{"name":"eliminarColonia","decl":{"start":{"line":141,"column":15},"end":{"line":141,"column":30}},"loc":{"start":{"line":141,"column":47},"end":{"line":149,"column":1}},"line":141}},"branchMap":{},"s":{"0":1,"1":0,"2":0,"3":0,"4":0,"5":0,"6":0,"7":0,"8":0,"9":0,"10":0,"11":0,"12":0,"13":0,"14":0,"15":0,"16":0,"17":0,"18":0,"19":0,"20":0,"21":0,"22":0,"23":0,"24":0,"25":0,"26":0,"27":0,"28":0,"29":0,"30":0,"31":0,"32":1},"f":{"0":0,"1":0,"2":0,"3":0,"4":0,"5":0,"6":0},"b":{},"_coverageSchema":"1a1c01bbd47fc00a2c39e90264f33305004495a9","hash":"309d51b8f1d6ef73633d988aecac012fa0b122f3"}
,"/Volumes/Extreme SSD - Datos/dwes2025/gatinos_web/controllers/gatoController.js": {"path":"/Volumes/Extreme SSD - Datos/dwes2025/gatinos_web/controllers/gatoController.js","statementMap":{"0":{"start":{"line":12,"column":4},"end":{"line":12,"column":38}},"1":{"start":{"line":24,"column":2},"end":{"line":29,"column":3}},"2":{"start":{"line":25,"column":18},"end":{"line":25,"column":44}},"3":{"start":{"line":26,"column":4},"end":{"line":26,"column":67}},"4":{"start":{"line":28,"column":4},"end":{"line":28,"column":14}},"5":{"start":{"line":41,"column":2},"end":{"line":41,"column":51}},"6":{"start":{"line":54,"column":2},"end":{"line":71,"column":3}},"7":{"start":{"line":55,"column":14},"end":{"line":55,"column":22}},"8":{"start":{"line":56,"column":4},"end":{"line":67,"column":7}},"9":{"start":{"line":68,"column":4},"end":{"line":68,"column":27}},"10":{"start":{"line":70,"column":4},"end":{"line":70,"column":14}},"11":{"start":{"line":84,"column":2},"end":{"line":90,"column":3}},"12":{"start":{"line":85,"column":19},"end":{"line":85,"column":29}},"13":{"start":{"line":86,"column":17},"end":{"line":86,"column":41}},"14":{"start":{"line":87,"column":4},"end":{"line":87,"column":62}},"15":{"start":{"line":89,"column":4},"end":{"line":89,"column":14}},"16":{"start":{"line":103,"column":2},"end":{"line":109,"column":3}},"17":{"start":{"line":104,"column":19},"end":{"line":104,"column":29}},"18":{"start":{"line":105,"column":17},"end":{"line":105,"column":41}},"19":{"start":{"line":106,"column":4},"end":{"line":106,"column":67}},"20":{"start":{"line":108,"column":4},"end":{"line":108,"column":14}},"21":{"start":{"line":122,"column":2},"end":{"line":141,"column":3}},"22":{"start":{"line":123,"column":19},"end":{"line":123,"column":29}},"23":{"start":{"line":124,"column":14},"end":{"line":124,"column":22}},"24":{"start":{"line":125,"column":4},"end":{"line":137,"column":7}},"25":{"start":{"line":138,"column":4},"end":{"line":138,"column":27}},"26":{"start":{"line":140,"column":4},"end":{"line":140,"column":14}},"27":{"start":{"line":154,"column":2},"end":{"line":160,"column":3}},"28":{"start":{"line":155,"column":19},"end":{"line":155,"column":29}},"29":{"start":{"line":156,"column":4},"end":{"line":156,"column":35}},"30":{"start":{"line":157,"column":4},"end":{"line":157,"column":27}},"31":{"start":{"line":159,"column":4},"end":{"line":159,"column":14}},"32":{"start":{"line":163,"column":0},"end":{"line":171,"column":2}}},"fnMap":{"0":{"name":"listarGatos","decl":{"start":{"line":23,"column":15},"end":{"line":23,"column":26}},"loc":{"start":{"line":23,"column":43},"end":{"line":30,"column":1}},"line":23},"1":{"name":"mostrarFormularioCrear","decl":{"start":{"line":40,"column":9},"end":{"line":40,"column":31}},"loc":{"start":{"line":40,"column":42},"end":{"line":42,"column":1}},"line":40},"2":{"name":"crearGato","decl":{"start":{"line":53,"column":15},"end":{"line":53,"column":24}},"loc":{"start":{"line":53,"column":41},"end":{"line":72,"column":1}},"line":53},"3":{"name":"mostrarDetalleGato","decl":{"start":{"line":83,"column":15},"end":{"line":83,"column":33}},"loc":{"start":{"line":83,"column":50},"end":{"line":91,"column":1}},"line":83},"4":{"name":"mostrarFormularioEditar","decl":{"start":{"line":102,"column":15},"end":{"line":102,"column":38}},"loc":{"start":{"line":102,"column":55},"end":{"line":110,"column":1}},"line":102},"5":{"name":"actualizarGato","decl":{"start":{"line":121,"column":15},"end":{"line":121,"column":29}},"loc":{"start":{"line":121,"column":46},"end":{"line":142,"column":1}},"line":121},"6":{"name":"eliminarGato","decl":{"start":{"line":153,"column":15},"end":{"line":153,"column":27}},"loc":{"start":{"line":153,"column":44},"end":{"line":161,"column":1}},"line":153}},"branchMap":{"0":{"loc":{"start":{"line":60,"column":16},"end":{"line":60,"column":58}},"type":"binary-expr","locations":[{"start":{"line":60,"column":16},"end":{"line":60,"column":35}},{"start":{"line":60,"column":39},"end":{"line":60,"column":58}}],"line":60},"1":{"loc":{"start":{"line":61,"column":17},"end":{"line":61,"column":54}},"type":"binary-expr","locations":[{"start":{"line":61,"column":17},"end":{"line":61,"column":31}},{"start":{"line":61,"column":40},"end":{"line":61,"column":54}}],"line":61},"2":{"loc":{"start":{"line":62,"column":20},"end":{"line":66,"column":12}},"type":"cond-expr","locations":[{"start":{"line":63,"column":10},"end":{"line":63,"column":24}},{"start":{"line":64,"column":10},"end":{"line":66,"column":12}}],"line":62},"3":{"loc":{"start":{"line":64,"column":10},"end":{"line":66,"column":12}},"type":"cond-expr","locations":[{"start":{"line":65,"column":10},"end":{"line":65,"column":26}},{"start":{"line":66,"column":10},"end":{"line":66,"column":12}}],"line":64},"4":{"loc":{"start":{"line":130,"column":16},"end":{"line":130,"column":58}},"type":"binary-expr","locations":[{"start":{"line":130,"column":16},"end":{"line":130,"column":35}},{"start":{"line":130,"column":39},"end":{"line":130,"column":58}}],"line":130},"5":{"loc":{"start":{"line":131,"column":17},"end":{"line":131,"column":54}},"type":"binary-expr","locations":[{"start":{"line":131,"column":17},"end":{"line":131,"column":31}},{"start":{"line":131,"column":40},"end":{"line":131,"column":54}}],"line":131},"6":{"loc":{"start":{"line":132,"column":20},"end":{"line":136,"column":12}},"type":"cond-expr","locations":[{"start":{"line":133,"column":10},"end":{"line":133,"column":24}},{"start":{"line":134,"column":10},"end":{"line":136,"column":12}}],"line":132},"7":{"loc":{"start":{"line":134,"column":10},"end":{"line":136,"column":12}},"type":"cond-expr","locations":[{"start":{"line":135,"column":10},"end":{"line":135,"column":26}},{"start":{"line":136,"column":10},"end":{"line":136,"column":12}}],"line":134}},"s":{"0":1,"1":1,"2":1,"3":1,"4":0,"5":1,"6":0,"7":0,"8":0,"9":0,"10":0,"11":1,"12":1,"13":1,"14":1,"15":0,"16":1,"17":1,"18":1,"19":1,"20":0,"21":0,"22":0,"23":0,"24":0,"25":0,"26":0,"27":0,"28":0,"29":0,"30":0,"31":0,"32":1},"f":{"0":1,"1":1,"2":0,"3":1,"4":1,"5":0,"6":0},"b":{"0":[0,0],"1":[0,0],"2":[0,0],"3":[0,0],"4":[0,0],"5":[0,0],"6":[0,0],"7":[0,0]},"_coverageSchema":"1a1c01bbd47fc00a2c39e90264f33305004495a9","hash":"a29ffdca9d956192110348d70e14faf9120ce5b9"}
,"/Volumes/Extreme SSD - Datos/dwes2025/gatinos_web/controllers/indexController.js": {"path":"/Volumes/Extreme SSD - Datos/dwes2025/gatinos_web/controllers/indexController.js","statementMap":{"0":{"start":{"line":15,"column":2},"end":{"line":17,"column":5}},"1":{"start":{"line":20,"column":0},"end":{"line":20,"column":33}}},"fnMap":{"0":{"name":"mostrarHome","decl":{"start":{"line":14,"column":9},"end":{"line":14,"column":20}},"loc":{"start":{"line":14,"column":31},"end":{"line":18,"column":1}},"line":14}},"branchMap":{},"s":{"0":1,"1":1},"f":{"0":1},"b":{},"_coverageSchema":"1a1c01bbd47fc00a2c39e90264f33305004495a9","hash":"d4fb4cb6174ba86abe8f8337d4a2e87d25d92fbb"}
,"/Volumes/Extreme SSD - Datos/dwes2025/gatinos_web/repositories/coloniaRepository.js": {"path":"/Volumes/Extreme SSD - Datos/dwes2025/gatinos_web/repositories/coloniaRepository.js","statementMap":{"0":{"start":{"line":8,"column":13},"end":{"line":8,"column":26}},"1":{"start":{"line":9,"column":13},"end":{"line":9,"column":28}},"2":{"start":{"line":10,"column":13},"end":{"line":10,"column":64}},"3":{"start":{"line":18,"column":14},"end":{"line":18,"column":43}},"4":{"start":{"line":19,"column":2},"end":{"line":19,"column":25}},"5":{"start":{"line":28,"column":2},"end":{"line":28,"column":56}},"6":{"start":{"line":36,"column":2},"end":{"line":36,"column":20}},"7":{"start":{"line":46,"column":2},"end":{"line":48,"column":3}},"8":{"start":{"line":47,"column":4},"end":{"line":47,"column":43}},"9":{"start":{"line":49,"column":19},"end":{"line":49,"column":29}},"10":{"start":{"line":50,"column":2},"end":{"line":50,"column":57}},"11":{"start":{"line":50,"column":28},"end":{"line":50,"column":55}},"12":{"start":{"line":60,"column":2},"end":{"line":62,"column":3}},"13":{"start":{"line":61,"column":4},"end":{"line":61,"column":48}},"14":{"start":{"line":63,"column":19},"end":{"line":63,"column":29}},"15":{"start":{"line":64,"column":16},"end":{"line":67,"column":7}},"16":{"start":{"line":65,"column":14},"end":{"line":65,"column":26}},"17":{"start":{"line":66,"column":4},"end":{"line":66,"column":42}},"18":{"start":{"line":68,"column":16},"end":{"line":68,"column":53}},"19":{"start":{"line":69,"column":2},"end":{"line":69,"column":23}},"20":{"start":{"line":70,"column":2},"end":{"line":70,"column":22}},"21":{"start":{"line":71,"column":2},"end":{"line":71,"column":15}},"22":{"start":{"line":81,"column":2},"end":{"line":83,"column":3}},"23":{"start":{"line":82,"column":4},"end":{"line":82,"column":43}},"24":{"start":{"line":84,"column":19},"end":{"line":84,"column":29}},"25":{"start":{"line":85,"column":14},"end":{"line":85,"column":85}},"26":{"start":{"line":85,"column":38},"end":{"line":85,"column":84}},"27":{"start":{"line":86,"column":2},"end":{"line":86,"column":56}},"28":{"start":{"line":86,"column":15},"end":{"line":86,"column":56}},"29":{"start":{"line":87,"column":2},"end":{"line":87,"column":62}},"30":{"start":{"line":88,"column":2},"end":{"line":88,"column":22}},"31":{"start":{"line":89,"column":2},"end":{"line":89,"column":23}},"32":{"start":{"line":99,"column":2},"end":{"line":101,"column":3}},"33":{"start":{"line":100,"column":4},"end":{"line":100,"column":43}},"34":{"start":{"line":102,"column":19},"end":{"line":102,"column":29}},"35":{"start":{"line":103,"column":20},"end":{"line":103,"column":69}},"36":{"start":{"line":103,"column":41},"end":{"line":103,"column":68}},"37":{"start":{"line":104,"column":2},"end":{"line":106,"column":3}},"38":{"start":{"line":105,"column":4},"end":{"line":105,"column":45}},"39":{"start":{"line":107,"column":2},"end":{"line":107,"column":23}},"40":{"start":{"line":108,"column":2},"end":{"line":108,"column":14}},"41":{"start":{"line":111,"column":0},"end":{"line":117,"column":2}}},"fnMap":{"0":{"name":"readData","decl":{"start":{"line":17,"column":9},"end":{"line":17,"column":17}},"loc":{"start":{"line":17,"column":20},"end":{"line":20,"column":1}},"line":17},"1":{"name":"writeData","decl":{"start":{"line":27,"column":9},"end":{"line":27,"column":18}},"loc":{"start":{"line":27,"column":25},"end":{"line":29,"column":1}},"line":27},"2":{"name":"listarColonias","decl":{"start":{"line":35,"column":9},"end":{"line":35,"column":23}},"loc":{"start":{"line":35,"column":26},"end":{"line":37,"column":1}},"line":35},"3":{"name":"recuperarPorId","decl":{"start":{"line":45,"column":9},"end":{"line":45,"column":23}},"loc":{"start":{"line":45,"column":28},"end":{"line":51,"column":1}},"line":45},"4":{"name":"(anonymous_4)","decl":{"start":{"line":50,"column":23},"end":{"line":50,"column":24}},"loc":{"start":{"line":50,"column":28},"end":{"line":50,"column":55}},"line":50},"5":{"name":"crearColonia","decl":{"start":{"line":59,"column":9},"end":{"line":59,"column":21}},"loc":{"start":{"line":59,"column":31},"end":{"line":72,"column":1}},"line":59},"6":{"name":"(anonymous_6)","decl":{"start":{"line":64,"column":32},"end":{"line":64,"column":33}},"loc":{"start":{"line":64,"column":44},"end":{"line":67,"column":3}},"line":64},"7":{"name":"actualizarColonia","decl":{"start":{"line":80,"column":9},"end":{"line":80,"column":26}},"loc":{"start":{"line":80,"column":47},"end":{"line":90,"column":1}},"line":80},"8":{"name":"(anonymous_8)","decl":{"start":{"line":85,"column":33},"end":{"line":85,"column":34}},"loc":{"start":{"line":85,"column":38},"end":{"line":85,"column":84}},"line":85},"9":{"name":"eliminarColonia","decl":{"start":{"line":98,"column":9},"end":{"line":98,"column":24}},"loc":{"start":{"line":98,"column":29},"end":{"line":109,"column":1}},"line":98},"10":{"name":"(anonymous_10)","decl":{"start":{"line":103,"column":36},"end":{"line":103,"column":37}},"loc":{"start":{"line":103,"column":41},"end":{"line":103,"column":68}},"line":103}},"branchMap":{"0":{"loc":{"start":{"line":46,"column":2},"end":{"line":48,"column":3}},"type":"if","locations":[{"start":{"line":46,"column":2},"end":{"line":48,"column":3}},{"start":{},"end":{}}],"line":46},"1":{"loc":{"start":{"line":46,"column":6},"end":{"line":46,"column":37}},"type":"binary-expr","locations":[{"start":{"line":46,"column":6},"end":{"line":46,"column":22}},{"start":{"line":46,"column":26},"end":{"line":46,"column":37}}],"line":46},"2":{"loc":{"start":{"line":60,"column":2},"end":{"line":62,"column":3}},"type":"if","locations":[{"start":{"line":60,"column":2},"end":{"line":62,"column":3}},{"start":{},"end":{}}],"line":60},"3":{"loc":{"start":{"line":60,"column":6},"end":{"line":60,"column":45}},"type":"binary-expr","locations":[{"start":{"line":60,"column":6},"end":{"line":60,"column":14}},{"start":{"line":60,"column":18},"end":{"line":60,"column":45}}],"line":60},"4":{"loc":{"start":{"line":66,"column":11},"end":{"line":66,"column":41}},"type":"cond-expr","locations":[{"start":{"line":66,"column":34},"end":{"line":66,"column":35}},{"start":{"line":66,"column":38},"end":{"line":66,"column":41}}],"line":66},"5":{"loc":{"start":{"line":66,"column":11},"end":{"line":66,"column":31}},"type":"binary-expr","locations":[{"start":{"line":66,"column":11},"end":{"line":66,"column":20}},{"start":{"line":66,"column":24},"end":{"line":66,"column":31}}],"line":66},"6":{"loc":{"start":{"line":81,"column":2},"end":{"line":83,"column":3}},"type":"if","locations":[{"start":{"line":81,"column":2},"end":{"line":83,"column":3}},{"start":{},"end":{}}],"line":81},"7":{"loc":{"start":{"line":81,"column":6},"end":{"line":81,"column":58}},"type":"binary-expr","locations":[{"start":{"line":81,"column":6},"end":{"line":81,"column":25}},{"start":{"line":81,"column":29},"end":{"line":81,"column":58}}],"line":81},"8":{"loc":{"start":{"line":86,"column":2},"end":{"line":86,"column":56}},"type":"if","locations":[{"start":{"line":86,"column":2},"end":{"line":86,"column":56}},{"start":{},"end":{}}],"line":86},"9":{"loc":{"start":{"line":99,"column":2},"end":{"line":101,"column":3}},"type":"if","locations":[{"start":{"line":99,"column":2},"end":{"line":101,"column":3}},{"start":{},"end":{}}],"line":99},"10":{"loc":{"start":{"line":99,"column":6},"end":{"line":99,"column":37}},"type":"binary-expr","locations":[{"start":{"line":99,"column":6},"end":{"line":99,"column":22}},{"start":{"line":99,"column":26},"end":{"line":99,"column":37}}],"line":99},"11":{"loc":{"start":{"line":104,"column":2},"end":{"line":106,"column":3}},"type":"if","locations":[{"start":{"line":104,"column":2},"end":{"line":106,"column":3}},{"start":{},"end":{}}],"line":104}},"s":{"0":2,"1":2,"2":2,"3":8,"4":8,"5":3,"6":2,"7":3,"8":1,"9":2,"10":2,"11":2,"12":2,"13":1,"14":1,"15":1,"16":2,"17":2,"18":1,"19":1,"20":1,"21":1,"22":3,"23":1,"24":2,"25":2,"26":3,"27":2,"28":1,"29":1,"30":1,"31":1,"32":2,"33":1,"34":1,"35":1,"36":2,"37":1,"38":0,"39":1,"40":1,"41":2},"f":{"0":8,"1":3,"2":2,"3":3,"4":2,"5":2,"6":2,"7":3,"8":3,"9":2,"10":2},"b":{"0":[1,2],"1":[3,2],"2":[1,1],"3":[2,1],"4":[2,0],"5":[2,2],"6":[1,2],"7":[3,3],"8":[1,1],"9":[1,1],"10":[2,1],"11":[0,1]},"_coverageSchema":"1a1c01bbd47fc00a2c39e90264f33305004495a9","hash":"0ec26726bc8787da7caae896b960e4aae0e92eb9"}
,"/Volumes/Extreme SSD - Datos/dwes2025/gatinos_web/repositories/gatoRepository.js": {"path":"/Volumes/Extreme SSD - Datos/dwes2025/gatinos_web/repositories/gatoRepository.js","statementMap":{"0":{"start":{"line":8,"column":13},"end":{"line":8,"column":26}},"1":{"start":{"line":9,"column":13},"end":{"line":9,"column":28}},"2":{"start":{"line":10,"column":13},"end":{"line":10,"column":61}},"3":{"start":{"line":18,"column":14},"end":{"line":18,"column":43}},"4":{"start":{"line":19,"column":2},"end":{"line":19,"column":25}},"5":{"start":{"line":28,"column":2},"end":{"line":28,"column":56}},"6":{"start":{"line":36,"column":2},"end":{"line":36,"column":20}},"7":{"start":{"line":46,"column":2},"end":{"line":46,"column":57}},"8":{"start":{"line":46,"column":18},"end":{"line":46,"column":57}},"9":{"start":{"line":47,"column":16},"end":{"line":47,"column":26}},"10":{"start":{"line":48,"column":2},"end":{"line":48,"column":54}},"11":{"start":{"line":48,"column":25},"end":{"line":48,"column":52}},"12":{"start":{"line":58,"column":2},"end":{"line":62,"column":3}},"13":{"start":{"line":61,"column":4},"end":{"line":61,"column":50}},"14":{"start":{"line":63,"column":16},"end":{"line":63,"column":26}},"15":{"start":{"line":64,"column":16},"end":{"line":67,"column":7}},"16":{"start":{"line":65,"column":14},"end":{"line":65,"column":26}},"17":{"start":{"line":66,"column":4},"end":{"line":66,"column":42}},"18":{"start":{"line":68,"column":16},"end":{"line":68,"column":62}},"19":{"start":{"line":69,"column":2},"end":{"line":69,"column":20}},"20":{"start":{"line":70,"column":2},"end":{"line":70,"column":19}},"21":{"start":{"line":71,"column":2},"end":{"line":71,"column":15}},"22":{"start":{"line":81,"column":16},"end":{"line":81,"column":26}},"23":{"start":{"line":82,"column":14},"end":{"line":82,"column":80}},"24":{"start":{"line":82,"column":35},"end":{"line":82,"column":79}},"25":{"start":{"line":83,"column":2},"end":{"line":83,"column":53}},"26":{"start":{"line":83,"column":15},"end":{"line":83,"column":53}},"27":{"start":{"line":84,"column":2},"end":{"line":84,"column":53}},"28":{"start":{"line":85,"column":2},"end":{"line":85,"column":19}},"29":{"start":{"line":86,"column":2},"end":{"line":86,"column":20}},"30":{"start":{"line":96,"column":2},"end":{"line":96,"column":57}},"31":{"start":{"line":96,"column":18},"end":{"line":96,"column":57}},"32":{"start":{"line":97,"column":16},"end":{"line":97,"column":26}},"33":{"start":{"line":98,"column":14},"end":{"line":98,"column":63}},"34":{"start":{"line":98,"column":35},"end":{"line":98,"column":62}},"35":{"start":{"line":99,"column":2},"end":{"line":99,"column":53}},"36":{"start":{"line":99,"column":15},"end":{"line":99,"column":53}},"37":{"start":{"line":100,"column":2},"end":{"line":100,"column":53}},"38":{"start":{"line":101,"column":2},"end":{"line":101,"column":19}},"39":{"start":{"line":102,"column":2},"end":{"line":102,"column":20}},"40":{"start":{"line":105,"column":0},"end":{"line":111,"column":2}}},"fnMap":{"0":{"name":"readData","decl":{"start":{"line":17,"column":9},"end":{"line":17,"column":17}},"loc":{"start":{"line":17,"column":20},"end":{"line":20,"column":1}},"line":17},"1":{"name":"writeData","decl":{"start":{"line":27,"column":9},"end":{"line":27,"column":18}},"loc":{"start":{"line":27,"column":25},"end":{"line":29,"column":1}},"line":27},"2":{"name":"getAllGatos","decl":{"start":{"line":35,"column":9},"end":{"line":35,"column":20}},"loc":{"start":{"line":35,"column":23},"end":{"line":37,"column":1}},"line":35},"3":{"name":"getGatoById","decl":{"start":{"line":45,"column":9},"end":{"line":45,"column":20}},"loc":{"start":{"line":45,"column":25},"end":{"line":49,"column":1}},"line":45},"4":{"name":"(anonymous_4)","decl":{"start":{"line":48,"column":20},"end":{"line":48,"column":21}},"loc":{"start":{"line":48,"column":25},"end":{"line":48,"column":52}},"line":48},"5":{"name":"createGato","decl":{"start":{"line":57,"column":9},"end":{"line":57,"column":19}},"loc":{"start":{"line":57,"column":26},"end":{"line":72,"column":1}},"line":57},"6":{"name":"(anonymous_6)","decl":{"start":{"line":64,"column":29},"end":{"line":64,"column":30}},"loc":{"start":{"line":64,"column":41},"end":{"line":67,"column":3}},"line":64},"7":{"name":"updateGato","decl":{"start":{"line":80,"column":9},"end":{"line":80,"column":19}},"loc":{"start":{"line":80,"column":37},"end":{"line":87,"column":1}},"line":80},"8":{"name":"(anonymous_8)","decl":{"start":{"line":82,"column":30},"end":{"line":82,"column":31}},"loc":{"start":{"line":82,"column":35},"end":{"line":82,"column":79}},"line":82},"9":{"name":"deleteGato","decl":{"start":{"line":95,"column":9},"end":{"line":95,"column":19}},"loc":{"start":{"line":95,"column":24},"end":{"line":103,"column":1}},"line":95},"10":{"name":"(anonymous_10)","decl":{"start":{"line":98,"column":30},"end":{"line":98,"column":31}},"loc":{"start":{"line":98,"column":35},"end":{"line":98,"column":62}},"line":98}},"branchMap":{"0":{"loc":{"start":{"line":46,"column":2},"end":{"line":46,"column":57}},"type":"if","locations":[{"start":{"line":46,"column":2},"end":{"line":46,"column":57}},{"start":{},"end":{}}],"line":46},"1":{"loc":{"start":{"line":58,"column":2},"end":{"line":62,"column":3}},"type":"if","locations":[{"start":{"line":58,"column":2},"end":{"line":62,"column":3}},{"start":{},"end":{}}],"line":58},"2":{"loc":{"start":{"line":58,"column":6},"end":{"line":60,"column":37}},"type":"binary-expr","locations":[{"start":{"line":58,"column":6},"end":{"line":58,"column":11}},{"start":{"line":58,"column":15},"end":{"line":58,"column":46}},{"start":{"line":59,"column":6},"end":{"line":59,"column":37}},{"start":{"line":60,"column":6},"end":{"line":60,"column":37}}],"line":58},"3":{"loc":{"start":{"line":66,"column":11},"end":{"line":66,"column":41}},"type":"cond-expr","locations":[{"start":{"line":66,"column":34},"end":{"line":66,"column":35}},{"start":{"line":66,"column":38},"end":{"line":66,"column":41}}],"line":66},"4":{"loc":{"start":{"line":66,"column":11},"end":{"line":66,"column":31}},"type":"binary-expr","locations":[{"start":{"line":66,"column":11},"end":{"line":66,"column":20}},{"start":{"line":66,"column":24},"end":{"line":66,"column":31}}],"line":66},"5":{"loc":{"start":{"line":83,"column":2},"end":{"line":83,"column":53}},"type":"if","locations":[{"start":{"line":83,"column":2},"end":{"line":83,"column":53}},{"start":{},"end":{}}],"line":83},"6":{"loc":{"start":{"line":96,"column":2},"end":{"line":96,"column":57}},"type":"if","locations":[{"start":{"line":96,"column":2},"end":{"line":96,"column":57}},{"start":{},"end":{}}],"line":96},"7":{"loc":{"start":{"line":99,"column":2},"end":{"line":99,"column":53}},"type":"if","locations":[{"start":{"line":99,"column":2},"end":{"line":99,"column":53}},{"start":{},"end":{}}],"line":99}},"s":{"0":3,"1":3,"2":3,"3":10,"4":10,"5":3,"6":4,"7":3,"8":1,"9":2,"10":2,"11":3,"12":2,"13":1,"14":1,"15":1,"16":2,"17":2,"18":1,"19":1,"20":1,"21":1,"22":2,"23":2,"24":3,"25":2,"26":1,"27":1,"28":1,"29":1,"30":2,"31":1,"32":1,"33":1,"34":1,"35":1,"36":0,"37":1,"38":1,"39":1,"40":3},"f":{"0":10,"1":3,"2":4,"3":3,"4":3,"5":2,"6":2,"7":2,"8":3,"9":2,"10":1},"b":{"0":[1,2],"1":[1,1],"2":[2,1,1,1],"3":[2,0],"4":[2,2],"5":[1,1],"6":[1,1],"7":[0,1]},"_coverageSchema":"1a1c01bbd47fc00a2c39e90264f33305004495a9","hash":"8db44adfa3e9c1b8cf9eeafd5f4a67c006a262da"}
,"/Volumes/Extreme SSD - Datos/dwes2025/gatinos_web/routes/coloniasRouter.js": {"path":"/Volumes/Extreme SSD - Datos/dwes2025/gatinos_web/routes/coloniasRouter.js","statementMap":{"0":{"start":{"line":6,"column":16},"end":{"line":6,"column":34}},"1":{"start":{"line":7,"column":15},"end":{"line":7,"column":31}},"2":{"start":{"line":8,"column":13},"end":{"line":8,"column":56}},"3":{"start":{"line":10,"column":0},"end":{"line":10,"column":42}},"4":{"start":{"line":11,"column":0},"end":{"line":11,"column":48}},"5":{"start":{"line":12,"column":0},"end":{"line":12,"column":41}},"6":{"start":{"line":13,"column":0},"end":{"line":13,"column":47}},"7":{"start":{"line":14,"column":0},"end":{"line":14,"column":54}},"8":{"start":{"line":15,"column":0},"end":{"line":15,"column":43}},"9":{"start":{"line":16,"column":0},"end":{"line":16,"column":44}},"10":{"start":{"line":18,"column":0},"end":{"line":18,"column":24}}},"fnMap":{},"branchMap":{},"s":{"0":1,"1":1,"2":1,"3":1,"4":1,"5":1,"6":1,"7":1,"8":1,"9":1,"10":1},"f":{},"b":{},"_coverageSchema":"1a1c01bbd47fc00a2c39e90264f33305004495a9","hash":"bd9e35a5fb340682598345f06f687e54fc925625"}
,"/Volumes/Extreme SSD - Datos/dwes2025/gatinos_web/routes/gatosRouter.js": {"path":"/Volumes/Extreme SSD - Datos/dwes2025/gatinos_web/routes/gatosRouter.js","statementMap":{"0":{"start":{"line":6,"column":16},"end":{"line":6,"column":34}},"1":{"start":{"line":7,"column":15},"end":{"line":7,"column":31}},"2":{"start":{"line":8,"column":13},"end":{"line":8,"column":53}},"3":{"start":{"line":10,"column":0},"end":{"line":10,"column":34}},"4":{"start":{"line":11,"column":0},"end":{"line":11,"column":48}},"5":{"start":{"line":12,"column":0},"end":{"line":12,"column":33}},"6":{"start":{"line":13,"column":0},"end":{"line":13,"column":44}},"7":{"start":{"line":14,"column":0},"end":{"line":14,"column":54}},"8":{"start":{"line":15,"column":0},"end":{"line":15,"column":40}},"9":{"start":{"line":16,"column":0},"end":{"line":16,"column":41}},"10":{"start":{"line":18,"column":0},"end":{"line":18,"column":24}}},"fnMap":{},"branchMap":{},"s":{"0":1,"1":1,"2":1,"3":1,"4":1,"5":1,"6":1,"7":1,"8":1,"9":1,"10":1},"f":{},"b":{},"_coverageSchema":"1a1c01bbd47fc00a2c39e90264f33305004495a9","hash":"63317bfe9ba06792907133c335eb2c2921229094"}
,"/Volumes/Extreme SSD - Datos/dwes2025/gatinos_web/routes/indexRouter.js": {"path":"/Volumes/Extreme SSD - Datos/dwes2025/gatinos_web/routes/indexRouter.js","statementMap":{"0":{"start":{"line":6,"column":22},"end":{"line":6,"column":40}},"1":{"start":{"line":7,"column":22},"end":{"line":7,"column":38}},"2":{"start":{"line":8,"column":24},"end":{"line":8,"column":65}},"3":{"start":{"line":14,"column":0},"end":{"line":14,"column":29}},"4":{"start":{"line":16,"column":0},"end":{"line":16,"column":24}}},"fnMap":{},"branchMap":{},"s":{"0":1,"1":1,"2":1,"3":1,"4":1},"f":{},"b":{},"_coverageSchema":"1a1c01bbd47fc00a2c39e90264f33305004495a9","hash":"aca836a58ae2adc0258567f8f760ad0660ae23fb"}
,"/Volumes/Extreme SSD - Datos/dwes2025/gatinos_web/services/coloniaService.js": {"path":"/Volumes/Extreme SSD - Datos/dwes2025/gatinos_web/services/coloniaService.js","statementMap":{"0":{"start":{"line":1,"column":26},"end":{"line":1,"column":70}},"1":{"start":{"line":3,"column":0},"end":{"line":5,"column":2}},"2":{"start":{"line":4,"column":4},"end":{"line":4,"column":52}},"3":{"start":{"line":7,"column":0},"end":{"line":12,"column":2}},"4":{"start":{"line":8,"column":4},"end":{"line":10,"column":5}},"5":{"start":{"line":9,"column":8},"end":{"line":9,"column":47}},"6":{"start":{"line":11,"column":4},"end":{"line":11,"column":54}},"7":{"start":{"line":14,"column":0},"end":{"line":19,"column":2}},"8":{"start":{"line":15,"column":4},"end":{"line":17,"column":5}},"9":{"start":{"line":16,"column":8},"end":{"line":16,"column":54}},"10":{"start":{"line":18,"column":4},"end":{"line":18,"column":57}},"11":{"start":{"line":21,"column":0},"end":{"line":26,"column":2}},"12":{"start":{"line":22,"column":4},"end":{"line":24,"column":5}},"13":{"start":{"line":23,"column":8},"end":{"line":23,"column":57}},"14":{"start":{"line":25,"column":4},"end":{"line":25,"column":62}},"15":{"start":{"line":28,"column":0},"end":{"line":33,"column":2}},"16":{"start":{"line":29,"column":4},"end":{"line":31,"column":5}},"17":{"start":{"line":30,"column":8},"end":{"line":30,"column":47}},"18":{"start":{"line":32,"column":4},"end":{"line":32,"column":55}}},"fnMap":{"0":{"name":"(anonymous_0)","decl":{"start":{"line":3,"column":25},"end":{"line":3,"column":26}},"loc":{"start":{"line":3,"column":37},"end":{"line":5,"column":1}},"line":3},"1":{"name":"(anonymous_1)","decl":{"start":{"line":7,"column":25},"end":{"line":7,"column":26}},"loc":{"start":{"line":7,"column":39},"end":{"line":12,"column":1}},"line":7},"2":{"name":"(anonymous_2)","decl":{"start":{"line":14,"column":23},"end":{"line":14,"column":24}},"loc":{"start":{"line":14,"column":42},"end":{"line":19,"column":1}},"line":14},"3":{"name":"(anonymous_3)","decl":{"start":{"line":21,"column":28},"end":{"line":21,"column":29}},"loc":{"start":{"line":21,"column":47},"end":{"line":26,"column":1}},"line":21},"4":{"name":"(anonymous_4)","decl":{"start":{"line":28,"column":26},"end":{"line":28,"column":27}},"loc":{"start":{"line":28,"column":40},"end":{"line":33,"column":1}},"line":28}},"branchMap":{"0":{"loc":{"start":{"line":8,"column":4},"end":{"line":10,"column":5}},"type":"if","locations":[{"start":{"line":8,"column":4},"end":{"line":10,"column":5}},{"start":{},"end":{}}],"line":8},"1":{"loc":{"start":{"line":15,"column":4},"end":{"line":17,"column":5}},"type":"if","locations":[{"start":{"line":15,"column":4},"end":{"line":17,"column":5}},{"start":{},"end":{}}],"line":15},"2":{"loc":{"start":{"line":15,"column":8},"end":{"line":15,"column":35}},"type":"binary-expr","locations":[{"start":{"line":15,"column":8},"end":{"line":15,"column":16}},{"start":{"line":15,"column":20},"end":{"line":15,"column":35}}],"line":15},"3":{"loc":{"start":{"line":22,"column":4},"end":{"line":24,"column":5}},"type":"if","locations":[{"start":{"line":22,"column":4},"end":{"line":24,"column":5}},{"start":{},"end":{}}],"line":22},"4":{"loc":{"start":{"line":22,"column":8},"end":{"line":22,"column":31}},"type":"binary-expr","locations":[{"start":{"line":22,"column":8},"end":{"line":22,"column":16}},{"start":{"line":22,"column":20},"end":{"line":22,"column":31}}],"line":22},"5":{"loc":{"start":{"line":29,"column":4},"end":{"line":31,"column":5}},"type":"if","locations":[{"start":{"line":29,"column":4},"end":{"line":31,"column":5}},{"start":{},"end":{}}],"line":29}},"s":{"0":1,"1":1,"2":0,"3":1,"4":0,"5":0,"6":0,"7":1,"8":0,"9":0,"10":0,"11":1,"12":0,"13":0,"14":0,"15":1,"16":0,"17":0,"18":0},"f":{"0":0,"1":0,"2":0,"3":0,"4":0},"b":{"0":[0,0],"1":[0,0],"2":[0,0],"3":[0,0],"4":[0,0],"5":[0,0]},"_coverageSchema":"1a1c01bbd47fc00a2c39e90264f33305004495a9","hash":"7c9ba0ee84f570ce56add4757e725f36a69a945f"}
,"/Volumes/Extreme SSD - Datos/dwes2025/gatinos_web/services/gatoService.js": {"path":"/Volumes/Extreme SSD - Datos/dwes2025/gatinos_web/services/gatoService.js","statementMap":{"0":{"start":{"line":1,"column":60},"end":{"line":1,"column":101}},"1":{"start":{"line":4,"column":20},"end":{"line":8,"column":1}},"2":{"start":{"line":12,"column":2},"end":{"line":14,"column":3}},"3":{"start":{"line":13,"column":4},"end":{"line":13,"column":29}},"4":{"start":{"line":15,"column":2},"end":{"line":17,"column":3}},"5":{"start":{"line":16,"column":4},"end":{"line":16,"column":31}},"6":{"start":{"line":18,"column":2},"end":{"line":18,"column":26}},"7":{"start":{"line":23,"column":14},"end":{"line":23,"column":27}},"8":{"start":{"line":24,"column":18},"end":{"line":35,"column":5}},"9":{"start":{"line":25,"column":17},"end":{"line":25,"column":32}},"10":{"start":{"line":26,"column":15},"end":{"line":29,"column":5}},"11":{"start":{"line":31,"column":20},"end":{"line":34,"column":29}},"12":{"start":{"line":36,"column":2},"end":{"line":36,"column":17}},"13":{"start":{"line":41,"column":2},"end":{"line":41,"column":50}},"14":{"start":{"line":41,"column":11},"end":{"line":41,"column":50}},"15":{"start":{"line":43,"column":14},"end":{"line":43,"column":27}},"16":{"start":{"line":44,"column":15},"end":{"line":44,"column":72}},"17":{"start":{"line":44,"column":29},"end":{"line":44,"column":71}},"18":{"start":{"line":45,"column":2},"end":{"line":45,"column":51}},"19":{"start":{"line":45,"column":13},"end":{"line":45,"column":51}},"20":{"start":{"line":47,"column":2},"end":{"line":50,"column":4}},"21":{"start":{"line":55,"column":2},"end":{"line":57,"column":3}},"22":{"start":{"line":56,"column":4},"end":{"line":56,"column":50}},"23":{"start":{"line":58,"column":17},"end":{"line":58,"column":33}},"24":{"start":{"line":59,"column":2},"end":{"line":62,"column":4}},"25":{"start":{"line":67,"column":2},"end":{"line":69,"column":3}},"26":{"start":{"line":68,"column":4},"end":{"line":68,"column":50}},"27":{"start":{"line":70,"column":22},"end":{"line":70,"column":38}},"28":{"start":{"line":71,"column":2},"end":{"line":74,"column":4}},"29":{"start":{"line":79,"column":2},"end":{"line":81,"column":3}},"30":{"start":{"line":80,"column":4},"end":{"line":80,"column":43}},"31":{"start":{"line":82,"column":20},"end":{"line":82,"column":34}},"32":{"start":{"line":83,"column":2},"end":{"line":86,"column":4}},"33":{"start":{"line":89,"column":0},"end":{"line":95,"column":2}}},"fnMap":{"0":{"name":"calcularEstadoSalud","decl":{"start":{"line":11,"column":9},"end":{"line":11,"column":28}},"loc":{"start":{"line":11,"column":62},"end":{"line":19,"column":1}},"line":11},"1":{"name":"listarGatosActivos","decl":{"start":{"line":22,"column":9},"end":{"line":22,"column":27}},"loc":{"start":{"line":22,"column":30},"end":{"line":37,"column":1}},"line":22},"2":{"name":"(anonymous_2)","decl":{"start":{"line":25,"column":12},"end":{"line":25,"column":13}},"loc":{"start":{"line":25,"column":17},"end":{"line":25,"column":32}},"line":25},"3":{"name":"(anonymous_3)","decl":{"start":{"line":26,"column":9},"end":{"line":26,"column":10}},"loc":{"start":{"line":26,"column":15},"end":{"line":29,"column":5}},"line":26},"4":{"name":"(anonymous_4)","decl":{"start":{"line":31,"column":10},"end":{"line":31,"column":11}},"loc":{"start":{"line":31,"column":20},"end":{"line":34,"column":29}},"line":31},"5":{"name":"recuperarPorId","decl":{"start":{"line":40,"column":9},"end":{"line":40,"column":23}},"loc":{"start":{"line":40,"column":28},"end":{"line":51,"column":1}},"line":40},"6":{"name":"(anonymous_6)","decl":{"start":{"line":44,"column":24},"end":{"line":44,"column":25}},"loc":{"start":{"line":44,"column":29},"end":{"line":44,"column":71}},"line":44},"7":{"name":"crearNuevoGato","decl":{"start":{"line":54,"column":9},"end":{"line":54,"column":23}},"loc":{"start":{"line":54,"column":30},"end":{"line":63,"column":1}},"line":54},"8":{"name":"actualizarDatosGato","decl":{"start":{"line":66,"column":9},"end":{"line":66,"column":28}},"loc":{"start":{"line":66,"column":35},"end":{"line":75,"column":1}},"line":66},"9":{"name":"eliminarRegistroGato","decl":{"start":{"line":78,"column":9},"end":{"line":78,"column":29}},"loc":{"start":{"line":78,"column":34},"end":{"line":87,"column":1}},"line":78}},"branchMap":{"0":{"loc":{"start":{"line":12,"column":2},"end":{"line":14,"column":3}},"type":"if","locations":[{"start":{"line":12,"column":2},"end":{"line":14,"column":3}},{"start":{},"end":{}}],"line":12},"1":{"loc":{"start":{"line":12,"column":6},"end":{"line":12,"column":45}},"type":"binary-expr","locations":[{"start":{"line":12,"column":6},"end":{"line":12,"column":18}},{"start":{"line":12,"column":22},"end":{"line":12,"column":45}}],"line":12},"2":{"loc":{"start":{"line":15,"column":2},"end":{"line":17,"column":3}},"type":"if","locations":[{"start":{"line":15,"column":2},"end":{"line":17,"column":3}},{"start":{},"end":{}}],"line":15},"3":{"loc":{"start":{"line":15,"column":6},"end":{"line":15,"column":23}},"type":"binary-expr","locations":[{"start":{"line":15,"column":6},"end":{"line":15,"column":15}},{"start":{"line":15,"column":19},"end":{"line":15,"column":23}}],"line":15},"4":{"loc":{"start":{"line":41,"column":2},"end":{"line":41,"column":50}},"type":"if","locations":[{"start":{"line":41,"column":2},"end":{"line":41,"column":50}},{"start":{},"end":{}}],"line":41},"5":{"loc":{"start":{"line":44,"column":29},"end":{"line":44,"column":71}},"type":"binary-expr","locations":[{"start":{"line":44,"column":29},"end":{"line":44,"column":40}},{"start":{"line":44,"column":44},"end":{"line":44,"column":71}}],"line":44},"6":{"loc":{"start":{"line":45,"column":2},"end":{"line":45,"column":51}},"type":"if","locations":[{"start":{"line":45,"column":2},"end":{"line":45,"column":51}},{"start":{},"end":{}}],"line":45},"7":{"loc":{"start":{"line":55,"column":2},"end":{"line":57,"column":3}},"type":"if","locations":[{"start":{"line":55,"column":2},"end":{"line":57,"column":3}},{"start":{},"end":{}}],"line":55},"8":{"loc":{"start":{"line":55,"column":6},"end":{"line":55,"column":93}},"type":"binary-expr","locations":[{"start":{"line":55,"column":6},"end":{"line":55,"column":11}},{"start":{"line":55,"column":15},"end":{"line":55,"column":27}},{"start":{"line":55,"column":31},"end":{"line":55,"column":60}},{"start":{"line":55,"column":64},"end":{"line":55,"column":93}}],"line":55},"9":{"loc":{"start":{"line":67,"column":2},"end":{"line":69,"column":3}},"type":"if","locations":[{"start":{"line":67,"column":2},"end":{"line":69,"column":3}},{"start":{},"end":{}}],"line":67},"10":{"loc":{"start":{"line":67,"column":6},"end":{"line":67,"column":23}},"type":"binary-expr","locations":[{"start":{"line":67,"column":6},"end":{"line":67,"column":11}},{"start":{"line":67,"column":15},"end":{"line":67,"column":23}}],"line":67},"11":{"loc":{"start":{"line":79,"column":2},"end":{"line":81,"column":3}},"type":"if","locations":[{"start":{"line":79,"column":2},"end":{"line":81,"column":3}},{"start":{},"end":{}}],"line":79}},"s":{"0":2,"1":2,"2":11,"3":2,"4":9,"5":1,"6":8,"7":3,"8":3,"9":6,"10":5,"11":3,"12":3,"13":5,"14":1,"15":4,"16":4,"17":3,"18":4,"19":1,"20":3,"21":2,"22":1,"23":1,"24":1,"25":2,"26":1,"27":1,"28":1,"29":2,"30":1,"31":1,"32":1,"33":2},"f":{"0":11,"1":3,"2":6,"3":5,"4":3,"5":5,"6":3,"7":2,"8":2,"9":2},"b":{"0":[2,9],"1":[11,11],"2":[1,8],"3":[9,8],"4":[1,4],"5":[3,2],"6":[1,3],"7":[1,1],"8":[2,1,1,1],"9":[1,1],"10":[2,2],"11":[1,1]},"_coverageSchema":"1a1c01bbd47fc00a2c39e90264f33305004495a9","hash":"1ee0dc36035be39be04720df7bb4115f6fb85d3e"}
}
