{"/Volumes/Extreme SSD - Datos/dwes2025/gatinos_web/repositories/coloniaRepository.js": {"path":"/Volumes/Extreme SSD - Datos/dwes2025/gatinos_web/repositories/coloniaRepository.js","statementMap":{"0":{"start":{"line":1,"column":13},"end":{"line":1,"column":26}},"1":{"start":{"line":2,"column":13},"end":{"line":2,"column":28}},"2":{"start":{"line":3,"column":13},"end":{"line":3,"column":64}},"3":{"start":{"line":6,"column":14},"end":{"line":6,"column":43}},"4":{"start":{"line":7,"column":2},"end":{"line":7,"column":25}},"5":{"start":{"line":11,"column":2},"end":{"line":11,"column":56}},"6":{"start":{"line":18,"column":2},"end":{"line":18,"column":20}},"7":{"start":{"line":26,"column":2},"end":{"line":28,"column":3}},"8":{"start":{"line":27,"column":4},"end":{"line":27,"column":43}},"9":{"start":{"line":29,"column":19},"end":{"line":29,"column":29}},"10":{"start":{"line":30,"column":2},"end":{"line":30,"column":57}},"11":{"start":{"line":30,"column":28},"end":{"line":30,"column":55}},"12":{"start":{"line":38,"column":2},"end":{"line":40,"column":3}},"13":{"start":{"line":39,"column":4},"end":{"line":39,"column":48}},"14":{"start":{"line":41,"column":19},"end":{"line":41,"column":29}},"15":{"start":{"line":43,"column":16},"end":{"line":46,"column":7}},"16":{"start":{"line":44,"column":18},"end":{"line":44,"column":30}},"17":{"start":{"line":45,"column":4},"end":{"line":45,"column":54}},"18":{"start":{"line":47,"column":16},"end":{"line":50,"column":3}},"19":{"start":{"line":51,"column":2},"end":{"line":51,"column":23}},"20":{"start":{"line":52,"column":2},"end":{"line":52,"column":22}},"21":{"start":{"line":53,"column":2},"end":{"line":53,"column":15}},"22":{"start":{"line":62,"column":2},"end":{"line":64,"column":3}},"23":{"start":{"line":63,"column":4},"end":{"line":63,"column":43}},"24":{"start":{"line":65,"column":19},"end":{"line":65,"column":29}},"25":{"start":{"line":66,"column":14},"end":{"line":66,"column":85}},"26":{"start":{"line":66,"column":38},"end":{"line":66,"column":84}},"27":{"start":{"line":67,"column":2},"end":{"line":69,"column":3}},"28":{"start":{"line":68,"column":4},"end":{"line":68,"column":45}},"29":{"start":{"line":70,"column":2},"end":{"line":70,"column":62}},"30":{"start":{"line":71,"column":2},"end":{"line":71,"column":22}},"31":{"start":{"line":72,"column":2},"end":{"line":72,"column":23}},"32":{"start":{"line":81,"column":2},"end":{"line":83,"column":3}},"33":{"start":{"line":82,"column":4},"end":{"line":82,"column":43}},"34":{"start":{"line":84,"column":19},"end":{"line":84,"column":29}},"35":{"start":{"line":85,"column":19},"end":{"line":85,"column":68}},"36":{"start":{"line":85,"column":40},"end":{"line":85,"column":67}},"37":{"start":{"line":86,"column":2},"end":{"line":88,"column":3}},"38":{"start":{"line":87,"column":4},"end":{"line":87,"column":45}},"39":{"start":{"line":89,"column":2},"end":{"line":89,"column":22}},"40":{"start":{"line":90,"column":2},"end":{"line":90,"column":14}},"41":{"start":{"line":93,"column":0},"end":{"line":99,"column":2}}},"fnMap":{"0":{"name":"readData","decl":{"start":{"line":5,"column":9},"end":{"line":5,"column":17}},"loc":{"start":{"line":5,"column":20},"end":{"line":8,"column":1}},"line":5},"1":{"name":"writeData","decl":{"start":{"line":10,"column":9},"end":{"line":10,"column":18}},"loc":{"start":{"line":10,"column":25},"end":{"line":12,"column":1}},"line":10},"2":{"name":"listarColonias","decl":{"start":{"line":17,"column":9},"end":{"line":17,"column":23}},"loc":{"start":{"line":17,"column":26},"end":{"line":19,"column":1}},"line":17},"3":{"name":"recuperarPorId","decl":{"start":{"line":25,"column":9},"end":{"line":25,"column":23}},"loc":{"start":{"line":25,"column":28},"end":{"line":31,"column":1}},"line":25},"4":{"name":"(anonymous_4)","decl":{"start":{"line":30,"column":23},"end":{"line":30,"column":24}},"loc":{"start":{"line":30,"column":28},"end":{"line":30,"column":55}},"line":30},"5":{"name":"crearColonia","decl":{"start":{"line":37,"column":9},"end":{"line":37,"column":21}},"loc":{"start":{"line":37,"column":31},"end":{"line":54,"column":1}},"line":37},"6":{"name":"(anonymous_6)","decl":{"start":{"line":43,"column":32},"end":{"line":43,"column":33}},"loc":{"start":{"line":43,"column":44},"end":{"line":46,"column":3}},"line":43},"7":{"name":"actualizarColonia","decl":{"start":{"line":61,"column":9},"end":{"line":61,"column":26}},"loc":{"start":{"line":61,"column":47},"end":{"line":73,"column":1}},"line":61},"8":{"name":"(anonymous_8)","decl":{"start":{"line":66,"column":33},"end":{"line":66,"column":34}},"loc":{"start":{"line":66,"column":38},"end":{"line":66,"column":84}},"line":66},"9":{"name":"eliminarColonia","decl":{"start":{"line":80,"column":9},"end":{"line":80,"column":24}},"loc":{"start":{"line":80,"column":29},"end":{"line":91,"column":1}},"line":80},"10":{"name":"(anonymous_10)","decl":{"start":{"line":85,"column":35},"end":{"line":85,"column":36}},"loc":{"start":{"line":85,"column":40},"end":{"line":85,"column":67}},"line":85}},"branchMap":{"0":{"loc":{"start":{"line":26,"column":2},"end":{"line":28,"column":3}},"type":"if","locations":[{"start":{"line":26,"column":2},"end":{"line":28,"column":3}},{"start":{},"end":{}}],"line":26},"1":{"loc":{"start":{"line":26,"column":6},"end":{"line":26,"column":37}},"type":"binary-expr","locations":[{"start":{"line":26,"column":6},"end":{"line":26,"column":22}},{"start":{"line":26,"column":26},"end":{"line":26,"column":37}}],"line":26},"2":{"loc":{"start":{"line":38,"column":2},"end":{"line":40,"column":3}},"type":"if","locations":[{"start":{"line":38,"column":2},"end":{"line":40,"column":3}},{"start":{},"end":{}}],"line":38},"3":{"loc":{"start":{"line":38,"column":6},"end":{"line":38,"column":45}},"type":"binary-expr","locations":[{"start":{"line":38,"column":6},"end":{"line":38,"column":14}},{"start":{"line":38,"column":18},"end":{"line":38,"column":45}}],"line":38},"4":{"loc":{"start":{"line":45,"column":11},"end":{"line":45,"column":53}},"type":"cond-expr","locations":[{"start":{"line":45,"column":42},"end":{"line":45,"column":47}},{"start":{"line":45,"column":50},"end":{"line":45,"column":53}}],"line":45},"5":{"loc":{"start":{"line":45,"column":11},"end":{"line":45,"column":39}},"type":"binary-expr","locations":[{"start":{"line":45,"column":11},"end":{"line":45,"column":24}},{"start":{"line":45,"column":28},"end":{"line":45,"column":39}}],"line":45},"6":{"loc":{"start":{"line":62,"column":2},"end":{"line":64,"column":3}},"type":"if","locations":[{"start":{"line":62,"column":2},"end":{"line":64,"column":3}},{"start":{},"end":{}}],"line":62},"7":{"loc":{"start":{"line":62,"column":6},"end":{"line":62,"column":98}},"type":"binary-expr","locations":[{"start":{"line":62,"column":6},"end":{"line":62,"column":25}},{"start":{"line":62,"column":29},"end":{"line":62,"column":64}},{"start":{"line":62,"column":68},"end":{"line":62,"column":98}}],"line":62},"8":{"loc":{"start":{"line":67,"column":2},"end":{"line":69,"column":3}},"type":"if","locations":[{"start":{"line":67,"column":2},"end":{"line":69,"column":3}},{"start":{},"end":{}}],"line":67},"9":{"loc":{"start":{"line":81,"column":2},"end":{"line":83,"column":3}},"type":"if","locations":[{"start":{"line":81,"column":2},"end":{"line":83,"column":3}},{"start":{},"end":{}}],"line":81},"10":{"loc":{"start":{"line":81,"column":6},"end":{"line":81,"column":37}},"type":"binary-expr","locations":[{"start":{"line":81,"column":6},"end":{"line":81,"column":22}},{"start":{"line":81,"column":26},"end":{"line":81,"column":37}}],"line":81},"11":{"loc":{"start":{"line":86,"column":2},"end":{"line":88,"column":3}},"type":"if","locations":[{"start":{"line":86,"column":2},"end":{"line":88,"column":3}},{"start":{},"end":{}}],"line":86}},"s":{"0":1,"1":1,"2":1,"3":8,"4":8,"5":3,"6":2,"7":3,"8":1,"9":2,"10":2,"11":2,"12":2,"13":1,"14":1,"15":1,"16":2,"17":2,"18":1,"19":1,"20":1,"21":1,"22":3,"23":1,"24":2,"25":2,"26":3,"27":2,"28":1,"29":1,"30":1,"31":1,"32":2,"33":1,"34":1,"35":1,"36":2,"37":1,"38":0,"39":1,"40":1,"41":1},"f":{"0":8,"1":3,"2":2,"3":3,"4":2,"5":2,"6":2,"7":3,"8":3,"9":2,"10":2},"b":{"0":[1,2],"1":[3,2],"2":[1,1],"3":[2,1],"4":[2,0],"5":[2,2],"6":[1,2],"7":[3,3,2],"8":[1,1],"9":[1,1],"10":[2,1],"11":[0,1]},"_coverageSchema":"1a1c01bbd47fc00a2c39e90264f33305004495a9","hash":"663ae987277d778e127c438a19834a2b9176cb61"}
,"/Volumes/Extreme SSD - Datos/dwes2025/gatinos_web/repositories/gatoRepository.js": {"path":"/Volumes/Extreme SSD - Datos/dwes2025/gatinos_web/repositories/gatoRepository.js","statementMap":{"0":{"start":{"line":1,"column":13},"end":{"line":1,"column":26}},"1":{"start":{"line":2,"column":13},"end":{"line":2,"column":28}},"2":{"start":{"line":3,"column":13},"end":{"line":3,"column":61}},"3":{"start":{"line":6,"column":14},"end":{"line":6,"column":43}},"4":{"start":{"line":7,"column":2},"end":{"line":7,"column":25}},"5":{"start":{"line":11,"column":2},"end":{"line":11,"column":56}},"6":{"start":{"line":16,"column":2},"end":{"line":16,"column":20}},"7":{"start":{"line":21,"column":2},"end":{"line":23,"column":3}},"8":{"start":{"line":22,"column":4},"end":{"line":22,"column":43}},"9":{"start":{"line":24,"column":16},"end":{"line":24,"column":26}},"10":{"start":{"line":25,"column":2},"end":{"line":25,"column":54}},"11":{"start":{"line":25,"column":25},"end":{"line":25,"column":52}},"12":{"start":{"line":30,"column":2},"end":{"line":37,"column":3}},"13":{"start":{"line":36,"column":4},"end":{"line":36,"column":50}},"14":{"start":{"line":39,"column":16},"end":{"line":39,"column":26}},"15":{"start":{"line":41,"column":16},"end":{"line":44,"column":7}},"16":{"start":{"line":42,"column":18},"end":{"line":42,"column":30}},"17":{"start":{"line":43,"column":4},"end":{"line":43,"column":54}},"18":{"start":{"line":46,"column":16},"end":{"line":50,"column":3}},"19":{"start":{"line":52,"column":2},"end":{"line":52,"column":20}},"20":{"start":{"line":53,"column":2},"end":{"line":53,"column":19}},"21":{"start":{"line":54,"column":2},"end":{"line":54,"column":15}},"22":{"start":{"line":59,"column":16},"end":{"line":59,"column":26}},"23":{"start":{"line":61,"column":14},"end":{"line":63,"column":3}},"24":{"start":{"line":62,"column":4},"end":{"line":62,"column":48}},"25":{"start":{"line":65,"column":2},"end":{"line":67,"column":3}},"26":{"start":{"line":66,"column":4},"end":{"line":66,"column":42}},"27":{"start":{"line":69,"column":2},"end":{"line":69,"column":53}},"28":{"start":{"line":70,"column":2},"end":{"line":70,"column":19}},"29":{"start":{"line":71,"column":2},"end":{"line":71,"column":20}},"30":{"start":{"line":76,"column":2},"end":{"line":78,"column":3}},"31":{"start":{"line":77,"column":4},"end":{"line":77,"column":43}},"32":{"start":{"line":79,"column":16},"end":{"line":79,"column":26}},"33":{"start":{"line":80,"column":16},"end":{"line":80,"column":65}},"34":{"start":{"line":80,"column":37},"end":{"line":80,"column":64}},"35":{"start":{"line":81,"column":2},"end":{"line":83,"column":3}},"36":{"start":{"line":82,"column":4},"end":{"line":82,"column":42}},"37":{"start":{"line":84,"column":2},"end":{"line":84,"column":53}},"38":{"start":{"line":85,"column":2},"end":{"line":85,"column":19}},"39":{"start":{"line":86,"column":2},"end":{"line":86,"column":20}},"40":{"start":{"line":89,"column":0},"end":{"line":95,"column":2}}},"fnMap":{"0":{"name":"readData","decl":{"start":{"line":5,"column":9},"end":{"line":5,"column":17}},"loc":{"start":{"line":5,"column":20},"end":{"line":8,"column":1}},"line":5},"1":{"name":"writeData","decl":{"start":{"line":10,"column":9},"end":{"line":10,"column":18}},"loc":{"start":{"line":10,"column":25},"end":{"line":12,"column":1}},"line":10},"2":{"name":"getAllGatos","decl":{"start":{"line":15,"column":9},"end":{"line":15,"column":20}},"loc":{"start":{"line":15,"column":23},"end":{"line":17,"column":1}},"line":15},"3":{"name":"getGatoById","decl":{"start":{"line":20,"column":9},"end":{"line":20,"column":20}},"loc":{"start":{"line":20,"column":25},"end":{"line":26,"column":1}},"line":20},"4":{"name":"(anonymous_4)","decl":{"start":{"line":25,"column":20},"end":{"line":25,"column":21}},"loc":{"start":{"line":25,"column":25},"end":{"line":25,"column":52}},"line":25},"5":{"name":"createGato","decl":{"start":{"line":29,"column":9},"end":{"line":29,"column":19}},"loc":{"start":{"line":29,"column":26},"end":{"line":55,"column":1}},"line":29},"6":{"name":"(anonymous_6)","decl":{"start":{"line":41,"column":29},"end":{"line":41,"column":30}},"loc":{"start":{"line":41,"column":41},"end":{"line":44,"column":3}},"line":41},"7":{"name":"updateGato","decl":{"start":{"line":58,"column":9},"end":{"line":58,"column":19}},"loc":{"start":{"line":58,"column":37},"end":{"line":72,"column":1}},"line":58},"8":{"name":"(anonymous_8)","decl":{"start":{"line":61,"column":30},"end":{"line":61,"column":31}},"loc":{"start":{"line":62,"column":4},"end":{"line":62,"column":48}},"line":62},"9":{"name":"deleteGato","decl":{"start":{"line":75,"column":9},"end":{"line":75,"column":19}},"loc":{"start":{"line":75,"column":24},"end":{"line":87,"column":1}},"line":75},"10":{"name":"(anonymous_10)","decl":{"start":{"line":80,"column":32},"end":{"line":80,"column":33}},"loc":{"start":{"line":80,"column":37},"end":{"line":80,"column":64}},"line":80}},"branchMap":{"0":{"loc":{"start":{"line":21,"column":2},"end":{"line":23,"column":3}},"type":"if","locations":[{"start":{"line":21,"column":2},"end":{"line":23,"column":3}},{"start":{},"end":{}}],"line":21},"1":{"loc":{"start":{"line":21,"column":6},"end":{"line":21,"column":37}},"type":"binary-expr","locations":[{"start":{"line":21,"column":6},"end":{"line":21,"column":22}},{"start":{"line":21,"column":26},"end":{"line":21,"column":37}}],"line":21},"2":{"loc":{"start":{"line":30,"column":2},"end":{"line":37,"column":3}},"type":"if","locations":[{"start":{"line":30,"column":2},"end":{"line":37,"column":3}},{"start":{},"end":{}}],"line":30},"3":{"loc":{"start":{"line":31,"column":4},"end":{"line":34,"column":35}},"type":"binary-expr","locations":[{"start":{"line":31,"column":4},"end":{"line":31,"column":9}},{"start":{"line":32,"column":4},"end":{"line":32,"column":35}},{"start":{"line":33,"column":4},"end":{"line":33,"column":35}},{"start":{"line":34,"column":4},"end":{"line":34,"column":35}}],"line":31},"4":{"loc":{"start":{"line":43,"column":11},"end":{"line":43,"column":53}},"type":"cond-expr","locations":[{"start":{"line":43,"column":42},"end":{"line":43,"column":47}},{"start":{"line":43,"column":50},"end":{"line":43,"column":53}}],"line":43},"5":{"loc":{"start":{"line":43,"column":11},"end":{"line":43,"column":39}},"type":"binary-expr","locations":[{"start":{"line":43,"column":11},"end":{"line":43,"column":24}},{"start":{"line":43,"column":28},"end":{"line":43,"column":39}}],"line":43},"6":{"loc":{"start":{"line":65,"column":2},"end":{"line":67,"column":3}},"type":"if","locations":[{"start":{"line":65,"column":2},"end":{"line":67,"column":3}},{"start":{},"end":{}}],"line":65},"7":{"loc":{"start":{"line":76,"column":2},"end":{"line":78,"column":3}},"type":"if","locations":[{"start":{"line":76,"column":2},"end":{"line":78,"column":3}},{"start":{},"end":{}}],"line":76},"8":{"loc":{"start":{"line":76,"column":6},"end":{"line":76,"column":37}},"type":"binary-expr","locations":[{"start":{"line":76,"column":6},"end":{"line":76,"column":22}},{"start":{"line":76,"column":26},"end":{"line":76,"column":37}}],"line":76},"9":{"loc":{"start":{"line":81,"column":2},"end":{"line":83,"column":3}},"type":"if","locations":[{"start":{"line":81,"column":2},"end":{"line":83,"column":3}},{"start":{},"end":{}}],"line":81}},"s":{"0":2,"1":2,"2":2,"3":7,"4":7,"5":3,"6":1,"7":3,"8":1,"9":2,"10":2,"11":3,"12":2,"13":1,"14":1,"15":1,"16":2,"17":2,"18":1,"19":1,"20":1,"21":1,"22":2,"23":2,"24":3,"25":2,"26":1,"27":1,"28":1,"29":1,"30":2,"31":1,"32":1,"33":1,"34":1,"35":1,"36":0,"37":1,"38":1,"39":1,"40":2},"f":{"0":7,"1":3,"2":1,"3":3,"4":3,"5":2,"6":2,"7":2,"8":3,"9":2,"10":1},"b":{"0":[1,2],"1":[3,2],"2":[1,1],"3":[2,1,1,1],"4":[2,0],"5":[2,2],"6":[1,1],"7":[1,1],"8":[2,1],"9":[0,1]},"_coverageSchema":"1a1c01bbd47fc00a2c39e90264f33305004495a9","hash":"19a333290b09b51f380f2f87ddd7035f44607620"}
,"/Volumes/Extreme SSD - Datos/dwes2025/gatinos_web/services/gatoService.js": {"path":"/Volumes/Extreme SSD - Datos/dwes2025/gatinos_web/services/gatoService.js","statementMap":{"0":{"start":{"line":1,"column":60},"end":{"line":1,"column":101}},"1":{"start":{"line":4,"column":20},"end":{"line":8,"column":1}},"2":{"start":{"line":12,"column":2},"end":{"line":14,"column":3}},"3":{"start":{"line":13,"column":4},"end":{"line":13,"column":29}},"4":{"start":{"line":15,"column":2},"end":{"line":17,"column":3}},"5":{"start":{"line":16,"column":4},"end":{"line":16,"column":31}},"6":{"start":{"line":18,"column":2},"end":{"line":18,"column":26}},"7":{"start":{"line":23,"column":14},"end":{"line":23,"column":27}},"8":{"start":{"line":24,"column":18},"end":{"line":35,"column":5}},"9":{"start":{"line":25,"column":17},"end":{"line":25,"column":32}},"10":{"start":{"line":26,"column":15},"end":{"line":29,"column":5}},"11":{"start":{"line":31,"column":20},"end":{"line":34,"column":29}},"12":{"start":{"line":36,"column":2},"end":{"line":36,"column":17}},"13":{"start":{"line":41,"column":2},"end":{"line":41,"column":50}},"14":{"start":{"line":41,"column":11},"end":{"line":41,"column":50}},"15":{"start":{"line":43,"column":14},"end":{"line":43,"column":27}},"16":{"start":{"line":44,"column":15},"end":{"line":44,"column":72}},"17":{"start":{"line":44,"column":29},"end":{"line":44,"column":71}},"18":{"start":{"line":45,"column":2},"end":{"line":45,"column":51}},"19":{"start":{"line":45,"column":13},"end":{"line":45,"column":51}},"20":{"start":{"line":47,"column":2},"end":{"line":50,"column":4}},"21":{"start":{"line":55,"column":2},"end":{"line":57,"column":3}},"22":{"start":{"line":56,"column":4},"end":{"line":56,"column":50}},"23":{"start":{"line":58,"column":17},"end":{"line":58,"column":33}},"24":{"start":{"line":59,"column":2},"end":{"line":62,"column":4}},"25":{"start":{"line":67,"column":2},"end":{"line":69,"column":3}},"26":{"start":{"line":68,"column":4},"end":{"line":68,"column":50}},"27":{"start":{"line":70,"column":22},"end":{"line":70,"column":38}},"28":{"start":{"line":71,"column":2},"end":{"line":74,"column":4}},"29":{"start":{"line":79,"column":2},"end":{"line":81,"column":3}},"30":{"start":{"line":80,"column":4},"end":{"line":80,"column":43}},"31":{"start":{"line":82,"column":20},"end":{"line":82,"column":34}},"32":{"start":{"line":83,"column":2},"end":{"line":86,"column":4}},"33":{"start":{"line":89,"column":0},"end":{"line":95,"column":2}}},"fnMap":{"0":{"name":"calcularEstadoSalud","decl":{"start":{"line":11,"column":9},"end":{"line":11,"column":28}},"loc":{"start":{"line":11,"column":62},"end":{"line":19,"column":1}},"line":11},"1":{"name":"listarGatosActivos","decl":{"start":{"line":22,"column":9},"end":{"line":22,"column":27}},"loc":{"start":{"line":22,"column":30},"end":{"line":37,"column":1}},"line":22},"2":{"name":"(anonymous_2)","decl":{"start":{"line":25,"column":12},"end":{"line":25,"column":13}},"loc":{"start":{"line":25,"column":17},"end":{"line":25,"column":32}},"line":25},"3":{"name":"(anonymous_3)","decl":{"start":{"line":26,"column":9},"end":{"line":26,"column":10}},"loc":{"start":{"line":26,"column":15},"end":{"line":29,"column":5}},"line":26},"4":{"name":"(anonymous_4)","decl":{"start":{"line":31,"column":10},"end":{"line":31,"column":11}},"loc":{"start":{"line":31,"column":20},"end":{"line":34,"column":29}},"line":31},"5":{"name":"recuperarPorId","decl":{"start":{"line":40,"column":9},"end":{"line":40,"column":23}},"loc":{"start":{"line":40,"column":28},"end":{"line":51,"column":1}},"line":40},"6":{"name":"(anonymous_6)","decl":{"start":{"line":44,"column":24},"end":{"line":44,"column":25}},"loc":{"start":{"line":44,"column":29},"end":{"line":44,"column":71}},"line":44},"7":{"name":"crearNuevoGato","decl":{"start":{"line":54,"column":9},"end":{"line":54,"column":23}},"loc":{"start":{"line":54,"column":30},"end":{"line":63,"column":1}},"line":54},"8":{"name":"actualizarDatosGato","decl":{"start":{"line":66,"column":9},"end":{"line":66,"column":28}},"loc":{"start":{"line":66,"column":35},"end":{"line":75,"column":1}},"line":66},"9":{"name":"eliminarRegistroGato","decl":{"start":{"line":78,"column":9},"end":{"line":78,"column":29}},"loc":{"start":{"line":78,"column":34},"end":{"line":87,"column":1}},"line":78}},"branchMap":{"0":{"loc":{"start":{"line":12,"column":2},"end":{"line":14,"column":3}},"type":"if","locations":[{"start":{"line":12,"column":2},"end":{"line":14,"column":3}},{"start":{},"end":{}}],"line":12},"1":{"loc":{"start":{"line":12,"column":6},"end":{"line":12,"column":45}},"type":"binary-expr","locations":[{"start":{"line":12,"column":6},"end":{"line":12,"column":18}},{"start":{"line":12,"column":22},"end":{"line":12,"column":45}}],"line":12},"2":{"loc":{"start":{"line":15,"column":2},"end":{"line":17,"column":3}},"type":"if","locations":[{"start":{"line":15,"column":2},"end":{"line":17,"column":3}},{"start":{},"end":{}}],"line":15},"3":{"loc":{"start":{"line":15,"column":6},"end":{"line":15,"column":23}},"type":"binary-expr","locations":[{"start":{"line":15,"column":6},"end":{"line":15,"column":15}},{"start":{"line":15,"column":19},"end":{"line":15,"column":23}}],"line":15},"4":{"loc":{"start":{"line":41,"column":2},"end":{"line":41,"column":50}},"type":"if","locations":[{"start":{"line":41,"column":2},"end":{"line":41,"column":50}},{"start":{},"end":{}}],"line":41},"5":{"loc":{"start":{"line":44,"column":29},"end":{"line":44,"column":71}},"type":"binary-expr","locations":[{"start":{"line":44,"column":29},"end":{"line":44,"column":40}},{"start":{"line":44,"column":44},"end":{"line":44,"column":71}}],"line":44},"6":{"loc":{"start":{"line":45,"column":2},"end":{"line":45,"column":51}},"type":"if","locations":[{"start":{"line":45,"column":2},"end":{"line":45,"column":51}},{"start":{},"end":{}}],"line":45},"7":{"loc":{"start":{"line":55,"column":2},"end":{"line":57,"column":3}},"type":"if","locations":[{"start":{"line":55,"column":2},"end":{"line":57,"column":3}},{"start":{},"end":{}}],"line":55},"8":{"loc":{"start":{"line":55,"column":6},"end":{"line":55,"column":93}},"type":"binary-expr","locations":[{"start":{"line":55,"column":6},"end":{"line":55,"column":11}},{"start":{"line":55,"column":15},"end":{"line":55,"column":27}},{"start":{"line":55,"column":31},"end":{"line":55,"column":60}},{"start":{"line":55,"column":64},"end":{"line":55,"column":93}}],"line":55},"9":{"loc":{"start":{"line":67,"column":2},"end":{"line":69,"column":3}},"type":"if","locations":[{"start":{"line":67,"column":2},"end":{"line":69,"column":3}},{"start":{},"end":{}}],"line":67},"10":{"loc":{"start":{"line":67,"column":6},"end":{"line":67,"column":23}},"type":"binary-expr","locations":[{"start":{"line":67,"column":6},"end":{"line":67,"column":11}},{"start":{"line":67,"column":15},"end":{"line":67,"column":23}}],"line":67},"11":{"loc":{"start":{"line":79,"column":2},"end":{"line":81,"column":3}},"type":"if","locations":[{"start":{"line":79,"column":2},"end":{"line":81,"column":3}},{"start":{},"end":{}}],"line":79}},"s":{"0":1,"1":1,"2":7,"3":1,"4":6,"5":1,"6":5,"7":2,"8":2,"9":4,"10":3,"11":2,"12":2,"13":3,"14":1,"15":2,"16":2,"17":1,"18":2,"19":1,"20":1,"21":2,"22":1,"23":1,"24":1,"25":2,"26":1,"27":1,"28":1,"29":2,"30":1,"31":1,"32":1,"33":1},"f":{"0":7,"1":2,"2":4,"3":3,"4":2,"5":3,"6":1,"7":2,"8":2,"9":2},"b":{"0":[1,6],"1":[7,7],"2":[1,5],"3":[6,5],"4":[1,2],"5":[1,0],"6":[1,1],"7":[1,1],"8":[2,1,1,1],"9":[1,1],"10":[2,2],"11":[1,1]},"_coverageSchema":"1a1c01bbd47fc00a2c39e90264f33305004495a9","hash":"1ee0dc36035be39be04720df7bb4115f6fb85d3e"}
}
