TN:
SF:repositories/coloniaRepository.js
FN:8,(anonymous_0)
FN:11,(anonymous_1)
FN:12,(anonymous_2)
FN:18,(anonymous_3)
FN:25,(anonymous_4)
FN:26,(anonymous_5)
FN:32,(anonymous_6)
FN:38,(anonymous_7)
FN:39,(anonymous_8)
FN:45,(anonymous_9)
FN:54,(anonymous_10)
FN:55,(anonymous_11)
FNF:12
FNH:1
FNDA:0,(anonymous_0)
FNDA:0,(anonymous_1)
FNDA:0,(anonymous_2)
FNDA:1,(anonymous_3)
FNDA:0,(anonymous_4)
FNDA:0,(anonymous_5)
FNDA:0,(anonymous_6)
FNDA:0,(anonymous_7)
FNDA:0,(anonymous_8)
FNDA:0,(anonymous_9)
FNDA:0,(anonymous_10)
FNDA:0,(anonymous_11)
DA:1,1
DA:2,1
DA:8,1
DA:10,0
DA:11,0
DA:13,0
DA:14,0
DA:18,1
DA:20,1
DA:21,0
DA:24,1
DA:25,0
DA:27,0
DA:28,0
DA:32,1
DA:33,0
DA:34,0
DA:37,0
DA:38,0
DA:40,0
DA:41,0
DA:45,1
DA:46,0
DA:47,0
DA:49,0
DA:50,0
DA:53,0
DA:54,0
DA:56,0
DA:57,0
LF:30
LH:8
BRDA:20,0,0,0
BRDA:20,0,1,1
BRDA:33,1,0,0
BRDA:33,1,1,0
BRDA:46,2,0,0
BRDA:46,2,1,0
BRDA:49,3,0,0
BRDA:49,3,1,0
BRF:8
BRH:1
end_of_record
TN:
SF:repositories/gatoRepository.js
FN:6,readData
FN:11,writeData
FN:16,getAllGatos
FN:21,getGatoById
FN:23,(anonymous_4)
FN:27,createGato
FN:31,(anonymous_6)
FN:46,updateGato
FN:48,(anonymous_8)
FN:56,deleteGato
FN:58,(anonymous_10)
FNF:11
FNH:11
FNDA:10,readData
FNDA:4,writeData
FNDA:1,getAllGatos
FNDA:3,getGatoById
FNDA:5,(anonymous_4)
FNDA:2,createGato
FNDA:4,(anonymous_6)
FNDA:2,updateGato
FNDA:3,(anonymous_8)
FNDA:2,deleteGato
FNDA:3,(anonymous_10)
DA:2,2
DA:3,2
DA:4,2
DA:7,10
DA:8,10
DA:12,4
DA:17,1
DA:22,3
DA:23,5
DA:28,2
DA:31,2
DA:33,4
DA:34,4
DA:37,2
DA:38,2
DA:40,2
DA:41,2
DA:42,2
DA:47,2
DA:48,3
DA:49,2
DA:50,1
DA:51,1
DA:52,1
DA:57,2
DA:58,3
DA:59,2
DA:60,1
DA:61,1
DA:62,1
DA:65,2
LF:31
LH:31
BRDA:34,0,0,4
BRDA:34,0,1,0
BRDA:34,1,0,4
BRDA:34,1,1,4
BRDA:49,2,0,1
BRDA:49,2,1,1
BRDA:59,3,0,1
BRDA:59,3,1,1
BRF:8
BRH:7
end_of_record
TN:
SF:services/gatoService.js
FN:11,calcularEstadoSalud
FN:22,listarGatosActivos
FN:25,(anonymous_2)
FN:26,(anonymous_3)
FN:31,(anonymous_4)
FN:40,recuperarPorId
FN:44,(anonymous_6)
FN:54,crearNuevoGato
FN:66,actualizarDatosGato
FN:78,eliminarRegistroGato
FNF:10
FNH:10
FNDA:7,calcularEstadoSalud
FNDA:2,listarGatosActivos
FNDA:3,(anonymous_2)
FNDA:3,(anonymous_3)
FNDA:2,(anonymous_4)
FNDA:2,recuperarPorId
FNDA:1,(anonymous_6)
FNDA:2,crearNuevoGato
FNDA:2,actualizarDatosGato
FNDA:2,eliminarRegistroGato
DA:1,1
DA:4,1
DA:12,7
DA:13,1
DA:15,6
DA:16,1
DA:18,5
DA:23,2
DA:24,2
DA:25,3
DA:26,3
DA:31,2
DA:36,2
DA:41,2
DA:43,1
DA:44,1
DA:45,1
DA:47,1
DA:55,2
DA:56,1
DA:58,1
DA:59,1
DA:67,2
DA:68,1
DA:70,1
DA:71,1
DA:79,2
DA:80,1
DA:82,1
DA:83,1
DA:89,1
LF:31
LH:31
BRDA:12,0,0,1
BRDA:12,0,1,6
BRDA:12,1,0,7
BRDA:12,1,1,7
BRDA:15,2,0,1
BRDA:15,2,1,5
BRDA:15,3,0,6
BRDA:15,3,1,5
BRDA:41,4,0,1
BRDA:41,4,1,1
BRDA:44,5,0,1
BRDA:44,5,1,0
BRDA:45,6,0,0
BRDA:45,6,1,1
BRDA:55,7,0,1
BRDA:55,7,1,1
BRDA:55,8,0,2
BRDA:55,8,1,1
BRDA:55,8,2,1
BRDA:55,8,3,1
BRDA:67,9,0,1
BRDA:67,9,1,1
BRDA:67,10,0,2
BRDA:67,10,1,2
BRDA:79,11,0,1
BRDA:79,11,1,1
BRF:26
BRH:24
end_of_record
