TN:
SF:repositories/coloniaRepository.js
FN:5,readData
FN:10,writeData
FN:17,listarColonias
FN:25,recuperarPorId
FN:30,(anonymous_4)
FN:37,crearColonia
FN:43,(anonymous_6)
FN:61,actualizarColonia
FN:66,(anonymous_8)
FN:80,eliminarColonia
FN:85,(anonymous_10)
FNF:11
FNH:11
FNDA:8,readData
FNDA:3,writeData
FNDA:2,listarColonias
FNDA:3,recuperarPorId
FNDA:2,(anonymous_4)
FNDA:2,crearColonia
FNDA:2,(anonymous_6)
FNDA:3,actualizarColonia
FNDA:3,(anonymous_8)
FNDA:2,eliminarColonia
FNDA:2,(anonymous_10)
DA:1,1
DA:2,1
DA:3,1
DA:6,8
DA:7,8
DA:11,3
DA:18,2
DA:26,3
DA:27,1
DA:29,2
DA:30,2
DA:38,2
DA:39,1
DA:41,1
DA:43,1
DA:44,2
DA:45,2
DA:47,1
DA:51,1
DA:52,1
DA:53,1
DA:62,3
DA:63,1
DA:65,2
DA:66,3
DA:67,2
DA:68,1
DA:70,1
DA:71,1
DA:72,1
DA:81,2
DA:82,1
DA:84,1
DA:85,2
DA:86,1
DA:87,0
DA:89,1
DA:90,1
DA:93,1
LF:39
LH:38
BRDA:26,0,0,1
BRDA:26,0,1,2
BRDA:26,1,0,3
BRDA:26,1,1,2
BRDA:38,2,0,1
BRDA:38,2,1,1
BRDA:38,3,0,2
BRDA:38,3,1,1
BRDA:45,4,0,2
BRDA:45,4,1,0
BRDA:45,5,0,2
BRDA:45,5,1,2
BRDA:62,6,0,1
BRDA:62,6,1,2
BRDA:62,7,0,3
BRDA:62,7,1,3
BRDA:62,7,2,2
BRDA:67,8,0,1
BRDA:67,8,1,1
BRDA:81,9,0,1
BRDA:81,9,1,1
BRDA:81,10,0,2
BRDA:81,10,1,1
BRDA:86,11,0,0
BRDA:86,11,1,1
BRF:25
BRH:23
end_of_record
TN:
SF:repositories/gatoRepository.js
FN:5,readData
FN:10,writeData
FN:15,getAllGatos
FN:20,getGatoById
FN:25,(anonymous_4)
FN:29,createGato
FN:41,(anonymous_6)
FN:58,updateGato
FN:61,(anonymous_8)
FN:75,deleteGato
FN:80,(anonymous_10)
FNF:11
FNH:11
FNDA:7,readData
FNDA:3,writeData
FNDA:1,getAllGatos
FNDA:3,getGatoById
FNDA:3,(anonymous_4)
FNDA:2,createGato
FNDA:2,(anonymous_6)
FNDA:2,updateGato
FNDA:3,(anonymous_8)
FNDA:2,deleteGato
FNDA:1,(anonymous_10)
DA:1,2
DA:2,2
DA:3,2
DA:6,7
DA:7,7
DA:11,3
DA:16,1
DA:21,3
DA:22,1
DA:24,2
DA:25,3
DA:30,2
DA:36,1
DA:39,1
DA:41,1
DA:42,2
DA:43,2
DA:46,1
DA:52,1
DA:53,1
DA:54,1
DA:59,2
DA:61,2
DA:62,3
DA:65,2
DA:66,1
DA:69,1
DA:70,1
DA:71,1
DA:76,2
DA:77,1
DA:79,1
DA:80,1
DA:81,1
DA:82,0
DA:84,1
DA:85,1
DA:86,1
DA:89,2
LF:39
LH:38
BRDA:21,0,0,1
BRDA:21,0,1,2
BRDA:21,1,0,3
BRDA:21,1,1,2
BRDA:30,2,0,1
BRDA:30,2,1,1
BRDA:31,3,0,2
BRDA:31,3,1,1
BRDA:31,3,2,1
BRDA:31,3,3,1
BRDA:43,4,0,2
BRDA:43,4,1,0
BRDA:43,5,0,2
BRDA:43,5,1,2
BRDA:65,6,0,1
BRDA:65,6,1,1
BRDA:76,7,0,1
BRDA:76,7,1,1
BRDA:76,8,0,2
BRDA:76,8,1,1
BRDA:81,9,0,0
BRDA:81,9,1,1
BRF:22
BRH:20
end_of_record
TN:
SF:services/gatoService.js
FN:11,calcularEstadoSalud
FN:22,listarGatosActivos
FN:25,(anonymous_2)
FN:26,(anonymous_3)
FN:31,(anonymous_4)
FN:40,recuperarPorId
FN:44,(anonymous_6)
FN:54,crearNuevoGato
FN:66,actualizarDatosGato
FN:78,eliminarRegistroGato
FNF:10
FNH:10
FNDA:7,calcularEstadoSalud
FNDA:2,listarGatosActivos
FNDA:4,(anonymous_2)
FNDA:3,(anonymous_3)
FNDA:2,(anonymous_4)
FNDA:3,recuperarPorId
FNDA:1,(anonymous_6)
FNDA:2,crearNuevoGato
FNDA:2,actualizarDatosGato
FNDA:2,eliminarRegistroGato
DA:1,1
DA:4,1
DA:12,7
DA:13,1
DA:15,6
DA:16,1
DA:18,5
DA:23,2
DA:24,2
DA:25,4
DA:26,3
DA:31,2
DA:36,2
DA:41,3
DA:43,2
DA:44,2
DA:45,2
DA:47,1
DA:55,2
DA:56,1
DA:58,1
DA:59,1
DA:67,2
DA:68,1
DA:70,1
DA:71,1
DA:79,2
DA:80,1
DA:82,1
DA:83,1
DA:89,1
LF:31
LH:31
BRDA:12,0,0,1
BRDA:12,0,1,6
BRDA:12,1,0,7
BRDA:12,1,1,7
BRDA:15,2,0,1
BRDA:15,2,1,5
BRDA:15,3,0,6
BRDA:15,3,1,5
BRDA:41,4,0,1
BRDA:41,4,1,2
BRDA:44,5,0,1
BRDA:44,5,1,0
BRDA:45,6,0,1
BRDA:45,6,1,1
BRDA:55,7,0,1
BRDA:55,7,1,1
BRDA:55,8,0,2
BRDA:55,8,1,1
BRDA:55,8,2,1
BRDA:55,8,3,1
BRDA:67,9,0,1
BRDA:67,9,1,1
BRDA:67,10,0,2
BRDA:67,10,1,2
BRDA:79,11,0,1
BRDA:79,11,1,1
BRF:26
BRH:25
end_of_record
